<?xml version="1.0" encoding="UTF-8"?>
<testng-results skipped="0" failed="0" ignored="0" total="1" passed="1">
  <reporter-output>
  </reporter-output>
  <suite name="Default suite" duration-ms="786" started-at="2021-01-25T14:30:29Z" finished-at="2021-01-25T14:30:30Z">
    <groups>
    </groups>
    <test name="Default test" duration-ms="786" started-at="2021-01-25T14:30:29Z" finished-at="2021-01-25T14:30:30Z">
      <class name="valILS.NormalIborCapFloorLegPricerTest">
        <test-method status="PASS" signature="test_presentValue()[pri:0, instance:valILS.NormalIborCapFloorLegPricerTest@8c8dcf]" name="test_presentValue" duration-ms="767" started-at="2021-01-25T15:30:29Z" finished-at="2021-01-25T15:30:30Z">
          <reporter-output>
          </reporter-output>
        </test-method> <!-- test_presentValue -->
      </class> <!-- valILS.NormalIborCapFloorLegPricerTest -->
    </test> <!-- Default test -->
  </suite> <!-- Default suite -->
</testng-results>
